# JRE version: OpenJDK Runtime Environment (17.0.9) (build 17.0.9+0--11185874)
# Java VM: OpenJDK 64-Bit Server VM (17.0.9+0--11185874, mixed mode, tiered, compressed oops, compressed class ptrs, g1 gc, windows-amd64)
GC Precious Log:
 CPUs: 8 total, 8 available
 Memory: 7967M
 Large Page Support: Disabled
 NUMA Support: Disabled
 Compressed Oops: Enabled (32-bit)
 Heap Region Size: 1M
 Heap Min Capacity: 8M
 Heap Initial Capacity: 126M
 Heap Max Capacity: 2G
 Pre-touch: Disabled
 Parallel Workers: 8
 Concurrent Workers: 2
 Concurrent Refinement Workers: 8
 Periodic GC: Disabled
Heap:
 garbage-first heap   total 136192K, used 68972K [0x0000000080000000, 0x0000000100000000)
  region size 1024K, 16 young (16384K), 3 survivors (3072K)
 Metaspace       used 60988K, committed 61504K, reserved 1114112K
  class space    used 8527K, committed 8768K, reserved 1048576K
GC Heap History (20 events):
Event: 3.112 GC heap before
{Heap before GC invocations=5 (full 0):
 garbage-first heap   total 71680K, used 21780K [0x0000000080000000, 0x0000000100000000)
  region size 1024K, 4 young (4096K), 3 survivors (3072K)
 Metaspace       used 26867K, committed 27136K, reserved 1114112K
  class space    used 3460K, committed 3584K, reserved 1048576K
}
Event: 3.115 GC heap after
{Heap after GC invocations=6 (full 0):
 garbage-first heap   total 71680K, used 20696K [0x0000000080000000, 0x0000000100000000)
  region size 1024K, 1 young (1024K), 1 survivors (1024K)
 Metaspace       used 26867K, committed 27136K, reserved 1114112K
  class space    used 3460K, committed 3584K, reserved 1048576K
}
Event: 3.845 GC heap before
{Heap before GC invocations=6 (full 0):
 garbage-first heap   total 71680K, used 49368K [0x0000000080000000, 0x0000000100000000)
  region size 1024K, 30 young (30720K), 1 survivors (1024K)
 Metaspace       used 30949K, committed 31232K, reserved 1114112K
  class space    used 4159K, committed 4288K, reserved 1048576K
}
Event: 3.850 GC heap after
{Heap after GC invocations=7 (full 0):
 garbage-first heap   total 71680K, used 22452K [0x0000000080000000, 0x0000000100000000)
  region size 1024K, 2 young (2048K), 2 survivors (2048K)
 Metaspace       used 30949K, committed 31232K, reserved 1114112K
  class space    used 4159K, committed 4288K, reserved 1048576K
}
Event: 4.698 GC heap before
{Heap before GC invocations=7 (full 0):
 garbage-first heap   total 71680K, used 62388K [0x0000000080000000, 0x0000000100000000)
  region size 1024K, 32 young (32768K), 2 survivors (2048K)
 Metaspace       used 34229K, committed 34560K, reserved 1114112K
  class space    used 4661K, committed 4800K, reserved 1048576K
}
Event: 4.704 GC heap after
{Heap after GC invocations=8 (full 0):
 garbage-first heap   total 72704K, used 39256K [0x0000000080000000, 0x0000000100000000)
  region size 1024K, 4 young (4096K), 4 survivors (4096K)
 Metaspace       used 34229K, committed 34560K, reserved 1114112K
  class space    used 4661K, committed 4800K, reserved 1048576K
}
Event: 4.968 GC heap before
{Heap before GC invocations=8 (full 0):
 garbage-first heap   total 72704K, used 50520K [0x0000000080000000, 0x0000000100000000)
  region size 1024K, 16 young (16384K), 4 survivors (4096K)
 Metaspace       used 35766K, committed 36096K, reserved 1114112K
  class space    used 4900K, committed 5056K, reserved 1048576K
}
Event: 4.972 GC heap after
{Heap after GC invocations=9 (full 0):
 garbage-first heap   total 72704K, used 39791K [0x0000000080000000, 0x0000000100000000)
  region size 1024K, 1 young (1024K), 1 survivors (1024K)
 Metaspace       used 35766K, committed 36096K, reserved 1114112K
  class space    used 4900K, committed 5056K, reserved 1048576K
}
Event: 5.363 GC heap before
{Heap before GC invocations=10 (full 0):
 garbage-first heap   total 72704K, used 56175K [0x0000000080000000, 0x0000000100000000)
  region size 1024K, 18 young (18432K), 1 survivors (1024K)
 Metaspace       used 38589K, committed 39040K, reserved 1114112K
  class space    used 5347K, committed 5568K, reserved 1048576K
}
Event: 5.367 GC heap after
{Heap after GC invocations=11 (full 0):
 garbage-first heap   total 72704K, used 40728K [0x0000000080000000, 0x0000000100000000)
  region size 1024K, 2 young (2048K), 2 survivors (2048K)
 Metaspace       used 38589K, committed 39040K, reserved 1114112K
  class space    used 5347K, committed 5568K, reserved 1048576K
}
Event: 5.385 GC heap before
{Heap before GC invocations=11 (full 0):
 garbage-first heap   total 72704K, used 41752K [0x0000000080000000, 0x0000000100000000)
  region size 1024K, 3 young (3072K), 2 survivors (2048K)
 Metaspace       used 38796K, committed 39232K, reserved 1114112K
  class space    used 5362K, committed 5568K, reserved 1048576K
}
Event: 5.388 GC heap after
{Heap after GC invocations=12 (full 0):
 garbage-first heap   total 72704K, used 40584K [0x0000000080000000, 0x0000000100000000)
  region size 1024K, 1 young (1024K), 1 survivors (1024K)
 Metaspace       used 38796K, committed 39232K, reserved 1114112K
  class space    used 5362K, committed 5568K, reserved 1048576K
}
Event: 5.834 GC heap before
{Heap before GC invocations=12 (full 0):
 garbage-first heap   total 72704K, used 56968K [0x0000000080000000, 0x0000000100000000)
  region size 1024K, 18 young (18432K), 1 survivors (1024K)
 Metaspace       used 43332K, committed 43712K, reserved 1114112K
  class space    used 5811K, committed 5952K, reserved 1048576K
}
Event: 5.839 GC heap after
{Heap after GC invocations=13 (full 0):
 garbage-first heap   total 136192K, used 42375K [0x0000000080000000, 0x0000000100000000)
  region size 1024K, 2 young (2048K), 2 survivors (2048K)
 Metaspace       used 43332K, committed 43712K, reserved 1114112K
  class space    used 5811K, committed 5952K, reserved 1048576K
}
Event: 7.088 GC heap before
{Heap before GC invocations=14 (full 0):
 garbage-first heap   total 136192K, used 99719K [0x0000000080000000, 0x0000000100000000)
  region size 1024K, 54 young (55296K), 2 survivors (2048K)
 Metaspace       used 48140K, committed 48576K, reserved 1114112K
  class space    used 6374K, committed 6592K, reserved 1048576K
}
Event: 7.094 GC heap after
{Heap after GC invocations=15 (full 0):
 garbage-first heap   total 136192K, used 47192K [0x0000000080000000, 0x0000000100000000)
  region size 1024K, 7 young (7168K), 7 survivors (7168K)
 Metaspace       used 48140K, committed 48576K, reserved 1114112K
  class space    used 6374K, committed 6592K, reserved 1048576K
}
Event: 8.278 GC heap before
{Heap before GC invocations=15 (full 0):
 garbage-first heap   total 136192K, used 103512K [0x0000000080000000, 0x0000000100000000)
  region size 1024K, 58 young (59392K), 7 survivors (7168K)
 Metaspace       used 52203K, committed 52672K, reserved 1114112K
  class space    used 6856K, committed 7040K, reserved 1048576K
}
Event: 8.288 GC heap after
{Heap after GC invocations=16 (full 0):
 garbage-first heap   total 136192K, used 54739K [0x0000000080000000, 0x0000000100000000)
  region size 1024K, 5 young (5120K), 5 survivors (5120K)
 Metaspace       used 52203K, committed 52672K, reserved 1114112K
  class space    used 6856K, committed 7040K, reserved 1048576K
}
Event: 9.595 GC heap before
{Heap before GC invocations=16 (full 0):
 garbage-first heap   total 136192K, used 102867K [0x0000000080000000, 0x0000000100000000)
  region size 1024K, 53 young (54272K), 5 survivors (5120K)
 Metaspace       used 59430K, committed 59968K, reserved 1114112K
  class space    used 8299K, committed 8512K, reserved 1048576K
}
Event: 9.601 GC heap after
{Heap after GC invocations=17 (full 0):
 garbage-first heap   total 136192K, used 56684K [0x0000000080000000, 0x0000000100000000)
  region size 1024K, 3 young (3072K), 3 survivors (3072K)
 Metaspace       used 59430K, committed 59968K, reserved 1114112K
  class space    used 8299K, committed 8512K, reserved 1048576K
}

