# JRE version: OpenJDK Runtime Environment (17.0.9) (build 17.0.9+0--11185874)
# Java VM: OpenJDK 64-Bit Server VM (17.0.9+0--11185874, mixed mode, tiered, compressed oops, compressed class ptrs, g1 gc, windows-amd64)
GC Precious Log:
 CPUs: 8 total, 8 available
 Memory: 7967M
 Large Page Support: Disabled
 NUMA Support: Disabled
 Compressed Oops: Enabled (32-bit)
 Heap Region Size: 1M
 Heap Min Capacity: 8M
 Heap Initial Capacity: 126M
 Heap Max Capacity: 2G
 Pre-touch: Disabled
 Parallel Workers: 8
 Concurrent Workers: 2
 Concurrent Refinement Workers: 8
 Periodic GC: Disabled
Heap:
 garbage-first heap   total 138240K, used 82309K [0x0000000080000000, 0x0000000100000000)
  region size 1024K, 3 young (3072K), 3 survivors (3072K)
 Metaspace       used 81122K, committed 81728K, reserved 1179648K
  class space    used 10850K, committed 11136K, reserved 1048576K
GC Heap History (20 events):
Event: 13.535 GC heap after
{Heap after GC invocations=29 (full 0):
 garbage-first heap   total 104448K, used 57624K [0x0000000080000000, 0x0000000100000000)
  region size 1024K, 3 young (3072K), 3 survivors (3072K)
 Metaspace       used 62042K, committed 62592K, reserved 1114112K
  class space    used 8687K, committed 8960K, reserved 1048576K
}
Event: 14.077 GC heap before
{Heap before GC invocations=30 (full 0):
 garbage-first heap   total 104448K, used 84248K [0x0000000080000000, 0x0000000100000000)
  region size 1024K, 29 young (29696K), 3 survivors (3072K)
 Metaspace       used 66037K, committed 66688K, reserved 1114112K
  class space    used 9157K, committed 9472K, reserved 1048576K
}
Event: 14.081 GC heap after
{Heap after GC invocations=31 (full 0):
 garbage-first heap   total 104448K, used 58280K [0x0000000080000000, 0x0000000100000000)
  region size 1024K, 3 young (3072K), 3 survivors (3072K)
 Metaspace       used 66037K, committed 66688K, reserved 1114112K
  class space    used 9157K, committed 9472K, reserved 1048576K
}
Event: 14.581 GC heap before
{Heap before GC invocations=31 (full 0):
 garbage-first heap   total 104448K, used 85928K [0x0000000080000000, 0x0000000100000000)
  region size 1024K, 30 young (30720K), 3 survivors (3072K)
 Metaspace       used 70160K, committed 70784K, reserved 1114112K
  class space    used 9714K, committed 9984K, reserved 1048576K
}
Event: 14.585 GC heap after
{Heap after GC invocations=32 (full 0):
 garbage-first heap   total 104448K, used 58827K [0x0000000080000000, 0x0000000100000000)
  region size 1024K, 3 young (3072K), 3 survivors (3072K)
 Metaspace       used 70160K, committed 70784K, reserved 1114112K
  class space    used 9714K, committed 9984K, reserved 1048576K
}
Event: 14.646 GC heap before
{Heap before GC invocations=33 (full 0):
 garbage-first heap   total 104448K, used 64971K [0x0000000080000000, 0x0000000100000000)
  region size 1024K, 4 young (4096K), 3 survivors (3072K)
 Metaspace       used 70327K, committed 70976K, reserved 1114112K
  class space    used 9732K, committed 10048K, reserved 1048576K
}
Event: 14.650 GC heap after
{Heap after GC invocations=34 (full 0):
 garbage-first heap   total 104448K, used 64887K [0x0000000080000000, 0x0000000100000000)
  region size 1024K, 2 young (2048K), 2 survivors (2048K)
 Metaspace       used 70327K, committed 70976K, reserved 1114112K
  class space    used 9732K, committed 10048K, reserved 1048576K
}
Event: 14.843 GC heap before
{Heap before GC invocations=35 (full 0):
 garbage-first heap   total 114688K, used 88439K [0x0000000080000000, 0x0000000100000000)
  region size 1024K, 25 young (25600K), 2 survivors (2048K)
 Metaspace       used 70607K, committed 71296K, reserved 1114112K
  class space    used 9739K, committed 10048K, reserved 1048576K
}
Event: 14.851 GC heap after
{Heap after GC invocations=36 (full 0):
 garbage-first heap   total 114688K, used 72672K [0x0000000080000000, 0x0000000100000000)
  region size 1024K, 4 young (4096K), 4 survivors (4096K)
 Metaspace       used 70607K, committed 71296K, reserved 1114112K
  class space    used 9739K, committed 10048K, reserved 1048576K
}
Event: 15.105 GC heap before
{Heap before GC invocations=36 (full 0):
 garbage-first heap   total 114688K, used 93152K [0x0000000080000000, 0x0000000100000000)
  region size 1024K, 24 young (24576K), 4 survivors (4096K)
 Metaspace       used 71301K, committed 71936K, reserved 1114112K
  class space    used 9836K, committed 10112K, reserved 1048576K
}
Event: 15.114 GC heap after
{Heap after GC invocations=37 (full 0):
 garbage-first heap   total 114688K, used 69631K [0x0000000080000000, 0x0000000100000000)
  region size 1024K, 3 young (3072K), 3 survivors (3072K)
 Metaspace       used 71301K, committed 71936K, reserved 1114112K
  class space    used 9836K, committed 10112K, reserved 1048576K
}
Event: 15.487 GC heap before
{Heap before GC invocations=38 (full 0):
 garbage-first heap   total 121856K, used 90111K [0x0000000080000000, 0x0000000100000000)
  region size 1024K, 23 young (23552K), 3 survivors (3072K)
 Metaspace       used 74209K, committed 74816K, reserved 1114112K
  class space    used 10172K, committed 10432K, reserved 1048576K
}
Event: 15.492 GC heap after
{Heap after GC invocations=39 (full 0):
 garbage-first heap   total 121856K, used 71395K [0x0000000080000000, 0x0000000100000000)
  region size 1024K, 2 young (2048K), 2 survivors (2048K)
 Metaspace       used 74209K, committed 74816K, reserved 1114112K
  class space    used 10172K, committed 10432K, reserved 1048576K
}
Event: 15.619 GC heap before
{Heap before GC invocations=39 (full 0):
 garbage-first heap   total 121856K, used 76515K [0x0000000080000000, 0x0000000100000000)
  region size 1024K, 8 young (8192K), 2 survivors (2048K)
 Metaspace       used 74753K, committed 75392K, reserved 1114112K
  class space    used 10242K, committed 10560K, reserved 1048576K
}
Event: 15.621 GC heap after
{Heap after GC invocations=40 (full 0):
 garbage-first heap   total 121856K, used 71384K [0x0000000080000000, 0x0000000100000000)
  region size 1024K, 2 young (2048K), 2 survivors (2048K)
 Metaspace       used 74753K, committed 75392K, reserved 1114112K
  class space    used 10242K, committed 10560K, reserved 1048576K
}
Event: 16.109 GC heap before
{Heap before GC invocations=41 (full 0):
 garbage-first heap   total 138240K, used 103128K [0x0000000080000000, 0x0000000100000000)
  region size 1024K, 27 young (27648K), 2 survivors (2048K)
 Metaspace       used 77268K, committed 77888K, reserved 1179648K
  class space    used 10530K, committed 10816K, reserved 1048576K
}
Event: 16.113 GC heap after
{Heap after GC invocations=42 (full 0):
 garbage-first heap   total 138240K, used 80489K [0x0000000080000000, 0x0000000100000000)
  region size 1024K, 4 young (4096K), 4 survivors (4096K)
 Metaspace       used 77268K, committed 77888K, reserved 1179648K
  class space    used 10530K, committed 10816K, reserved 1048576K
}
Event: 16.138 GC heap before
{Heap before GC invocations=42 (full 0):
 garbage-first heap   total 138240K, used 81513K [0x0000000080000000, 0x0000000100000000)
  region size 1024K, 6 young (6144K), 4 survivors (4096K)
 Metaspace       used 77523K, committed 78144K, reserved 1179648K
  class space    used 10542K, committed 10816K, reserved 1048576K
}
Event: 16.142 GC heap after
{Heap after GC invocations=43 (full 0):
 garbage-first heap   total 138240K, used 80439K [0x0000000080000000, 0x0000000100000000)
  region size 1024K, 1 young (1024K), 1 survivors (1024K)
 Metaspace       used 77523K, committed 78144K, reserved 1179648K
  class space    used 10542K, committed 10816K, reserved 1048576K
}
Event: 16.532 GC heap before
{Heap before GC invocations=43 (full 0):
 garbage-first heap   total 138240K, used 110135K [0x0000000080000000, 0x0000000100000000)
  region size 1024K, 30 young (30720K), 1 survivors (1024K)
 Metaspace       used 81122K, committed 81728K, reserved 1179648K
  class space    used 10850K, committed 11136K, reserved 1048576K
}

